<?xml version="1.0" encoding="UTF-8"?>
<!-- Generated by org.testng.reporters.JUnitXMLReporter -->
<testsuite ignored="0" hostname="DESKTOP-RN7KA4C" failures="0" tests="1" name="Test-1" time="34.914" errors="0" timestamp="2025-03-21T10:23:27 IST">
  <testcase classname="com.comcast.crm.orgtest.CreateOrganizationTest" name="createOrganizationTest" time="11.058"/>
</testsuite> <!-- Test-1 -->
