<?xml version="1.0" encoding="UTF-8"?>
<!-- Generated by org.testng.reporters.JUnitReportReporter -->
<testsuite hostname="DESKTOP-RN7KA4C" failures="0" tests="1" name="com.comcast.crm.orgtest.CreateOrganizationTest" time="12.450" errors="0" timestamp="2025-03-27T17:49:59 IST" skipped="0">
  <testcase classname="com.comcast.crm.orgtest.CreateOrganizationTest" name="createOrganizationTest" time="12.450"/>
</testsuite> <!-- com.comcast.crm.orgtest.CreateOrganizationTest -->
