<?xml version="1.0" encoding="UTF-8"?>
<!-- Generated by org.testng.reporters.JUnitReportReporter -->
<testsuite hostname="DESKTOP-RN7KA4C" failures="0" tests="1" name="com.comcast.crm.contacttest.CreateContactTest" time="12.530" errors="0" timestamp="2025-03-21T16:21:21 IST" skipped="0">
  <testcase classname="com.comcast.crm.contacttest.CreateContactTest" name="createContactTest" time="12.530"/>
</testsuite> <!-- com.comcast.crm.contacttest.CreateContactTest -->
