<?xml version="1.0" encoding="UTF-8"?>
<!-- Generated by org.testng.reporters.JUnitReportReporter -->
<testsuite hostname="DESKTOP-RN7KA4C" failures="0" tests="3" name="Practice.test.GetProductInfoTest" time="68.559" errors="0" timestamp="2025-03-18T14:23:03 IST" skipped="0">
  <testcase classname="Practice.test.GetProductInfoTest" name="getProductInfoTest" time="11.452"/>
  <testcase classname="Practice.test.GetProductInfoTest" name="getProductInfoTest" time="45.511"/>
  <testcase classname="Practice.test.GetProductInfoTest" name="getProductInfoTest" time="11.596"/>
</testsuite> <!-- Practice.test.GetProductInfoTest -->
